<?xml version="1.0" encoding="UTF-8"?>
<testsuite name="com.example.prestamolab.ValidacionesTest" tests="12" skipped="0" failures="0" errors="0" timestamp="2026-09-15T12:13:53" hostname="DESKTOP-B3EHTHP" time="0.034">
  <properties/>
  <testcase name="destino_valido" classname="com.example.prestamolab.ValidacionesTest" time="0.026"/>
  <testcase name="destino_solo_espacios_invalido" classname="com.example.prestamolab.ValidacionesTest" time="0.001"/>
  <testcase name="destino_vacio_invalido" classname="com.example.prestamolab.ValidacionesTest" time="0.0"/>
  <testcase name="destino_con_espacios_valido" classname="com.example.prestamolab.ValidacionesTest" time="0.001"/>
  <testcase name="duracion_0_invalida" classname="com.example.prestamolab.ValidacionesTest" time="0.001"/>
  <testcase name="proposito_181_invalido" classname="com.example.prestamolab.ValidacionesTest" time="0.0"/>
  <testcase name="proposito_180_valido" classname="com.example.prestamolab.ValidacionesTest" time="0.0"/>
  <testcase name="duracion_8_valida" classname="com.example.prestamolab.ValidacionesTest" time="0.001"/>
  <testcase name="proposito_10_valido" classname="com.example.prestamolab.ValidacionesTest" time="0.0"/>
  <testcase name="duracion_1_valida" classname="com.example.prestamolab.ValidacionesTest" time="0.0"/>
  <testcase name="proposito_9_invalido" classname="com.example.prestamolab.ValidacionesTest" time="0.0"/>
  <testcase name="duracion_9_invalida" classname="com.example.prestamolab.ValidacionesTest" time="0.0"/>
  <system-out><![CDATA[]]></system-out>
  <system-err><![CDATA[]]></system-err>
</testsuite>
