<?xml version="1.0" encoding="UTF-8"?>
<testsuite name="com.example.prestamolab.ValidacionesTest" tests="8" skipped="0" failures="0" errors="0" timestamp="2026-09-14T11:57:00" hostname="DESKTOP-B3EHTHP" time="0.057">
  <properties/>
  <testcase name="duracion_0_invalida" classname="com.example.prestamolab.ValidacionesTest" time="0.013"/>
  <testcase name="proposito_181_invalido" classname="com.example.prestamolab.ValidacionesTest" time="0.035"/>
  <testcase name="proposito_180_valido" classname="com.example.prestamolab.ValidacionesTest" time="0.002"/>
  <testcase name="duracion_8_valida" classname="com.example.prestamolab.ValidacionesTest" time="0.001"/>
  <testcase name="proposito_10_valido" classname="com.example.prestamolab.ValidacionesTest" time="0.001"/>
  <testcase name="duracion_1_valida" classname="com.example.prestamolab.ValidacionesTest" time="0.0"/>
  <testcase name="proposito_9_invalido" classname="com.example.prestamolab.ValidacionesTest" time="0.0"/>
  <testcase name="duracion_9_invalida" classname="com.example.prestamolab.ValidacionesTest" time="0.001"/>
  <system-out><![CDATA[]]></system-out>
  <system-err><![CDATA[]]></system-err>
</testsuite>
